Watching for file changes with StatReloader
Watching for file changes with StatReloader
C:\Latyshevdp_WEB12\news_olimp_champions\news_olimp_champions\settings.py changed, reloading.
Watching for file changes with StatReloader
Watching for file changes with StatReloader
"GET /news/ HTTP/1.1" 200 17521
"GET /news/sportsman/ HTTP/1.1" 200 35654
"GET /media/media/sportsman/22/11/01/375px-Andre-Hoffmann-08-2019.jpg HTTP/1.1" 200 21047
"GET /media/media/sportsman/22/11/01/800px-20180920_Fussball_UEFA_Europa_League_RB_Leipzig_-_FC_Salz_3KWSN4g.jpg HTTP/1.1" 200 26124
"GET /media/media/sportsman/22/11/01/Kapino.jpg HTTP/1.1" 200 21062
"GET /account/login/ HTTP/1.1" 200 3991
"POST /account/login/ HTTP/1.1" 302 0
"GET /news/ HTTP/1.1" 200 17931
"GET /static/img/user.png HTTP/1.1" 200 1477
"GET /static/img/exit.png HTTP/1.1" 200 1789
"GET /media/media/stand/22/11/05/2016_IIHF_World_Championship_logo.png HTTP/1.1" 200 19582
"GET /media/media/stand/22/11/05/WC-2014-Brasil.svg.png HTTP/1.1" 200 31346
"GET /media/media/stand/22/11/05/4a97387480273.560ac2503f0e4.jpg HTTP/1.1" 200 15368
"GET /static/img/reklama2/3.png HTTP/1.1" 200 221986
"GET /static/img/reklama2/1.png HTTP/1.1" 200 173957
"GET /static/img/reklama2/5.png HTTP/1.1" 200 275087
"GET /static/img/reklama2/4.png HTTP/1.1" 200 217800
"GET /static/img/reklama2/2.png HTTP/1.1" 200 211536
"GET /news/trener/ HTTP/1.1" 200 13539
"GET /media/media/trener/22/10/30/starkin_big.jpg HTTP/1.1" 200 9323
"GET /media/media/trener/22/10/31/%D0%9F%D0%BE%D0%BA%D1%80%D0%BE%D0%B2%D1%81%D0%BA%D0%B0%D1%8F_%D0%A2%D0%B0%D1%82%D1%8C%D1%8F%D0%BD%D0%B0_%D0%9D%D0%B8%D0%BA%D0%BE%D0%BB%D0%B0%D0%B5%D0%B2%D0%BD%D0%B0_3ZSpBXH.png HTTP/1.1" 200 70365
"GET /media/media/trener/22/10/30/4ca0d5d5d42ac21e55f4453f7aa4913f.png HTTP/1.1" 200 59553
"GET /news/trener/14? HTTP/1.1" 200 6262
"GET /news/sportsman/4 HTTP/1.1" 200 8511
"GET /media/media/sportsman/22/10/31/index.jpg HTTP/1.1" 200 11650
"GET /news/sportsman/ HTTP/1.1" 200 36064
"GET /news/sportsman/?page=2 HTTP/1.1" 200 36276
"GET /media/media/sportsman/22/11/01/Mariano_And%C3%BAjar.jpg HTTP/1.1" 200 25283
"GET /media/media/sportsman/22/11/01/Corey_Perry.png HTTP/1.1" 200 111597
"GET /media/media/sportsman/22/11/01/%D0%A2%D1%80%D1%83%D1%81%D0%BE%D0%B2%D0%B0_%D0%90%D0%BB%D0%B5%D0%BA%D1%81%D0%B0%D0%BD%D0%B4%D1%80%D0%B0_%D0%92%D1%8F%D1%87%D0%B5%D1%81%D0%BB%D0%B0%D0%B2%D0%BE%D0%B2%D0%BD%D0%B0.png HTTP/1.1" 200 145632
"GET /news/sportsman/?page=3 HTTP/1.1" 200 36260
"GET /media/media/sportsman/22/11/01/Evgenia_Medvedeva.jpg HTTP/1.1" 200 24463
"GET /media/media/sportsman/22/11/01/%D0%A6%D0%B7%D0%B8%D0%BD%D1%8C_%D0%AF%D0%BD.png HTTP/1.1" 200 111029
"GET /media/media/sportsman/22/11/01/%D0%A1%D1%8F%D0%BE%D1%8E%D0%B9_%D0%AE%D0%B9.png HTTP/1.1" 200 128712
"GET /news/sportsman/?page=2 HTTP/1.1" 200 36276
"GET /news/sportsman/13? HTTP/1.1" 200 11396
"POST /news/sportsman/13? HTTP/1.1" 302 0
"GET /news/sportsman/13 HTTP/1.1" 200 12240
Watching for file changes with StatReloader
"GET /news/sportsman/13 HTTP/1.1" 200 12240
"GET /news/ HTTP/1.1" 200 17931
Watching for file changes with StatReloader
Watching for file changes with StatReloader
"GET / HTTP/1.1" 301 0
"GET /news/ HTTP/1.1" 200 17931
"GET /static/css/slide.css HTTP/1.1" 200 503
"GET /static/img/logo.png HTTP/1.1" 200 12475
"GET /static/img/user.png HTTP/1.1" 200 1477
"GET /static/img/exit.png HTTP/1.1" 200 1789
"GET /media/media/stand/22/11/05/2016_IIHF_World_Championship_logo.png HTTP/1.1" 200 19582
"GET /media/media/stand/22/11/05/WC-2014-Brasil.svg.png HTTP/1.1" 200 31346
"GET /static/img/news.png HTTP/1.1" 200 1609
"GET /media/media/stand/22/11/05/4a97387480273.560ac2503f0e4.jpg HTTP/1.1" 200 15368
"GET /static/css/main.css HTTP/1.1" 200 8829
"GET /static/img/reklama2/1.png HTTP/1.1" 200 173957
"GET /static/img/reklama2/3.png HTTP/1.1" 200 221986
"GET /static/img/trener.png HTTP/1.1" 200 1671
"GET /static/img/sportsman.png HTTP/1.1" 200 1979
"GET /static/img/reklama2/2.png HTTP/1.1" 200 211536
"GET /static/img/reklama2/4.png HTTP/1.1" 200 217800
"GET /static/img/reklama2/5.png HTTP/1.1" 200 275087
"GET /static/img/favicon.png HTTP/1.1" 200 613
"GET /account/logout/ HTTP/1.1" 302 0
"GET /news/ HTTP/1.1" 200 17521
"GET /static/img/enter.png HTTP/1.1" 200 1982
"GET /account/login/ HTTP/1.1" 200 3991
"GET /account/registration/ HTTP/1.1" 200 4801
Watching for file changes with StatReloader
"GET /account/registration/ HTTP/1.1" 200 4801
"GET /static/css/main.css HTTP/1.1" 200 8829
- Broken pipe from ('127.0.0.1', 62658)
"GET /account/login/ HTTP/1.1" 200 3991
"GET /account/login/ HTTP/1.1" 200 3991
"GET /account/registration/ HTTP/1.1" 200 4801
"GET /account/registration/ HTTP/1.1" 200 4802
"GET /account/registration/ HTTP/1.1" 200 4802
"GET /account/registration/ HTTP/1.1" 200 4802
"GET /account/registration/ HTTP/1.1" 200 4802
"GET /account/registration/ HTTP/1.1" 200 4802
"GET /account/registration/ HTTP/1.1" 200 4802
"GET /account/registration/ HTTP/1.1" 200 4802
"GET /account/registration/ HTTP/1.1" 200 4802
"GET /account/registration/ HTTP/1.1" 200 4802
"GET /account/registration/ HTTP/1.1" 200 4802
"GET /account/login/ HTTP/1.1" 200 3991
"GET /account/login/ HTTP/1.1" 200 3992
"GET /account/login/ HTTP/1.1" 200 3992
"GET /account/registration/ HTTP/1.1" 200 4802
"GET /account/login/ HTTP/1.1" 200 3992
"GET /account/registration/ HTTP/1.1" 200 4802
"GET /account/registration/ HTTP/1.1" 200 4802
"GET /account/registration/ HTTP/1.1" 200 4802
"GET /account/registration/ HTTP/1.1" 200 4802
"GET /account/login/ HTTP/1.1" 200 3992
"GET /account/login/ HTTP/1.1" 200 3992
"GET /account/registration/ HTTP/1.1" 200 4802
"GET /account/login/ HTTP/1.1" 200 3992
"GET /account/login/ HTTP/1.1" 200 3992
"GET /account/registration/ HTTP/1.1" 200 4802
"GET /account/registration/ HTTP/1.1" 200 4803
"GET /account/login/ HTTP/1.1" 200 3992
"GET /account/registration/ HTTP/1.1" 200 4803
"GET /account/login/ HTTP/1.1" 200 3992
"GET /account/login/ HTTP/1.1" 200 3992
"GET /account/registration/ HTTP/1.1" 200 4805
"GET /account/registration/ HTTP/1.1" 200 4805
"GET /account/login/ HTTP/1.1" 200 3992
"GET /account/registration/ HTTP/1.1" 200 4805
"GET /account/registration/ HTTP/1.1" 200 4808
"GET /account/registration/ HTTP/1.1" 200 4808
"GET /account/registration/ HTTP/1.1" 200 4808
"GET /account/registration/ HTTP/1.1" 200 4808
"GET /account/registration/ HTTP/1.1" 200 4808
"GET /account/registration/ HTTP/1.1" 200 4808
"GET /account/registration/ HTTP/1.1" 200 4808
"GET /account/registration/ HTTP/1.1" 200 4808
"GET /news/ HTTP/1.1" 200 17524
"GET /news/ HTTP/1.1" 200 17524
"GET /static/css/main.css HTTP/1.1" 200 8845
"GET /static/css/slide.css HTTP/1.1" 200 503
"GET /static/img/logo.png HTTP/1.1" 200 12475
"GET /static/img/news.png HTTP/1.1" 200 1609
"GET /static/img/trener.png HTTP/1.1" 200 1671
"GET /static/img/sportsman.png HTTP/1.1" 200 1979
"GET /static/img/enter.png HTTP/1.1" 200 1982
"GET /media/media/stand/22/11/05/WC-2014-Brasil.svg.png HTTP/1.1" 200 31346
"GET /media/media/stand/22/11/05/4a97387480273.560ac2503f0e4.jpg HTTP/1.1" 200 15368
"GET /media/media/stand/22/11/05/2016_IIHF_World_Championship_logo.png HTTP/1.1" 200 19582
"GET /static/img/reklama2/1.png HTTP/1.1" 200 173957
"GET /static/img/reklama2/2.png HTTP/1.1" 200 211536
"GET /static/img/reklama2/4.png HTTP/1.1" 200 217800
"GET /static/img/reklama2/5.png HTTP/1.1" 200 275087
"GET /static/img/reklama2/3.png HTTP/1.1" 200 221986
"GET /static/img/favicon.png HTTP/1.1" 200 613
"GET /news/ HTTP/1.1" 200 17524
"GET /static/css/main.css HTTP/1.1" 200 8827
"GET /account/login/ HTTP/1.1" 200 3995
"GET /static/css/main.css HTTP/1.1" 304 0
"GET /static/css/main.css HTTP/1.1" 304 0
"GET /account/login/ HTTP/1.1" 200 3995
"GET /static/css/main.css HTTP/1.1" 200 8809
"GET /account/login/ HTTP/1.1" 200 3995
"GET /account/login/ HTTP/1.1" 200 3995
"GET /static/css/main.css HTTP/1.1" 200 8814
"GET /account/login/ HTTP/1.1" 200 3995
"GET /static/css/main.css HTTP/1.1" 304 0
"GET /static/css/main.css HTTP/1.1" 304 0
"GET /account/login/ HTTP/1.1" 200 3915
"GET /static/css/main.css HTTP/1.1" 200 8670
"GET /news/ HTTP/1.1" 200 17444
"GET /static/css/main.css HTTP/1.1" 304 0
"GET /account/login/ HTTP/1.1" 200 3915
"GET /account/login/ HTTP/1.1" 200 3915
"GET /static/css/main.css HTTP/1.1" 200 8670
"GET /static/css/slide.css HTTP/1.1" 200 503
"GET /static/img/logo.png HTTP/1.1" 200 12475
"GET /static/img/news.png HTTP/1.1" 200 1609
"GET /static/img/enter.png HTTP/1.1" 200 1982
"GET /static/img/sportsman.png HTTP/1.1" 200 1979
"GET /static/img/trener.png HTTP/1.1" 200 1671
"GET /static/img/favicon.png HTTP/1.1" 200 613
"GET /news/ HTTP/1.1" 200 17444
"GET /static/css/main.css HTTP/1.1" 200 8595
"GET /account/login/ HTTP/1.1" 200 3915
"GET /static/css/main.css HTTP/1.1" 200 8595
"GET /news/ HTTP/1.1" 200 17444
"GET /static/css/main.css HTTP/1.1" 304 0
"GET /media/media/stand/22/11/05/4a97387480273.560ac2503f0e4.jpg HTTP/1.1" 200 15368
"GET /media/media/stand/22/11/05/WC-2014-Brasil.svg.png HTTP/1.1" 200 31346
"GET /media/media/stand/22/11/05/2016_IIHF_World_Championship_logo.png HTTP/1.1" 200 19582
"GET /static/img/reklama2/1.png HTTP/1.1" 200 173957
"GET /static/img/reklama2/2.png HTTP/1.1" 200 211536
"GET /static/img/reklama2/3.png HTTP/1.1" 200 221986
"GET /static/img/reklama/3.png HTTP/1.1" 200 157647
"GET /static/img/reklama2/4.png HTTP/1.1" 200 217800
"GET /static/img/reklama2/5.png HTTP/1.1" 200 275087
"GET /static/img/reklama/2.png HTTP/1.1" 200 125744
"GET /static/img/reklama/4.png HTTP/1.1" 200 161681
"GET /static/img/reklama/1.png HTTP/1.1" 200 188631
"GET /news/ HTTP/1.1" 200 17453
"GET /static/css/main.css HTTP/1.1" 304 0
"GET /news/ HTTP/1.1" 200 17453
"GET /static/css/main.css HTTP/1.1" 200 8615
"GET /news/ HTTP/1.1" 200 17453
"GET /static/css/main.css HTTP/1.1" 200 8615
"GET /account/login/ HTTP/1.1" 200 3924
"GET /static/css/main.css HTTP/1.1" 304 0
"GET /news/ HTTP/1.1" 200 17453
"GET /static/css/main.css HTTP/1.1" 304 0
"GET /news/sportsman/ HTTP/1.1" 200 35586
"GET /static/css/main.css HTTP/1.1" 304 0
"GET /media/media/sportsman/22/11/01/800px-20180920_Fussball_UEFA_Europa_League_RB_Leipzig_-_FC_Salz_3KWSN4g.jpg HTTP/1.1" 200 26124
"GET /media/media/sportsman/22/11/01/375px-Andre-Hoffmann-08-2019.jpg HTTP/1.1" 200 21047
"GET /media/media/sportsman/22/11/01/Kapino.jpg HTTP/1.1" 200 21062
"GET /news/sportsman/18? HTTP/1.1" 200 9482
"GET /static/css/main.css HTTP/1.1" 304 0
"GET /news/feedback/ HTTP/1.1" 200 3870
"GET /static/css/main.css HTTP/1.1" 304 0
"GET /account/login/ HTTP/1.1" 200 3924
"GET /static/css/main.css HTTP/1.1" 304 0
"GET /account/login/ HTTP/1.1" 200 3924
"GET /static/css/main.css HTTP/1.1" 304 0
"GET /account/login/ HTTP/1.1" 200 3924
"GET /static/css/main.css HTTP/1.1" 304 0
"GET /account/login/ HTTP/1.1" 200 3924
"GET /static/css/main.css HTTP/1.1" 304 0
Internal Server Error: /account/registration/
Traceback (most recent call last):
  File "C:\Latyshevdp_WEB12\lib\site-packages\django\core\handlers\exception.py", line 55, in inner
    response = get_response(request)
  File "C:\Latyshevdp_WEB12\lib\site-packages\django\core\handlers\base.py", line 197, in _get_response
    response = wrapped_callback(request, *callback_args, **callback_kwargs)
  File "C:\Latyshevdp_WEB12\news_olimp_champions\app\user\views.py", line 24, in create_user
    return render(request, "user/registration.html", context=context)
  File "C:\Latyshevdp_WEB12\lib\site-packages\django\shortcuts.py", line 24, in render
    content = loader.render_to_string(template_name, context, request, using=using)
  File "C:\Latyshevdp_WEB12\lib\site-packages\django\template\loader.py", line 62, in render_to_string
    return template.render(context, request)
  File "C:\Latyshevdp_WEB12\lib\site-packages\django\template\backends\django.py", line 62, in render
    return self.template.render(context)
  File "C:\Latyshevdp_WEB12\lib\site-packages\django\template\base.py", line 175, in render
    return self._render(context)
  File "C:\Latyshevdp_WEB12\lib\site-packages\django\template\base.py", line 167, in _render
    return self.nodelist.render(context)
  File "C:\Latyshevdp_WEB12\lib\site-packages\django\template\base.py", line 1005, in render
    return SafeString("".join([node.render_annotated(context) for node in self]))
  File "C:\Latyshevdp_WEB12\lib\site-packages\django\template\base.py", line 1005, in <listcomp>
    return SafeString("".join([node.render_annotated(context) for node in self]))
  File "C:\Latyshevdp_WEB12\lib\site-packages\django\template\base.py", line 966, in render_annotated
    return self.render(context)
  File "C:\Latyshevdp_WEB12\lib\site-packages\django\template\loader_tags.py", line 132, in render
    compiled_parent = self.get_parent(context)
  File "C:\Latyshevdp_WEB12\lib\site-packages\django\template\loader_tags.py", line 129, in get_parent
    return self.find_template(parent, context)
  File "C:\Latyshevdp_WEB12\lib\site-packages\django\template\loader_tags.py", line 107, in find_template
    template, origin = context.template.engine.find_template(
  File "C:\Latyshevdp_WEB12\lib\site-packages\django\template\engine.py", line 157, in find_template
    template = loader.get_template(name, skip=skip)
  File "C:\Latyshevdp_WEB12\lib\site-packages\django\template\loaders\cached.py", line 57, in get_template
    template = super().get_template(template_name, skip)
  File "C:\Latyshevdp_WEB12\lib\site-packages\django\template\loaders\base.py", line 28, in get_template
    return Template(
  File "C:\Latyshevdp_WEB12\lib\site-packages\django\template\base.py", line 154, in __init__
    self.nodelist = self.compile_nodelist()
  File "C:\Latyshevdp_WEB12\lib\site-packages\django\template\base.py", line 200, in compile_nodelist
    return parser.parse()
  File "C:\Latyshevdp_WEB12\lib\site-packages\django\template\base.py", line 513, in parse
    raise self.error(token, e)
  File "C:\Latyshevdp_WEB12\lib\site-packages\django\template\base.py", line 511, in parse
    compiled_result = compile_func(self, token)
  File "C:\Latyshevdp_WEB12\lib\site-packages\django\template\loader_tags.py", line 347, in do_include
    bits[1] = construct_relative_path(parser.origin.template_name, bits[1])
  File "C:\Latyshevdp_WEB12\lib\site-packages\django\template\loader_tags.py", line 261, in construct_relative_path
    raise TemplateSyntaxError(
django.template.exceptions.TemplateSyntaxError: The relative path '"../inc/_footer.html"' points outside the file hierarchy that template 'base_registration.html' is in.
"GET /account/registration/ HTTP/1.1" 500 166418
Not Found: /favicon.ico
"GET /favicon.ico HTTP/1.1" 404 2563
"GET /account/login/ HTTP/1.1" 200 3924
"GET /static/css/main.css HTTP/1.1" 304 0
Internal Server Error: /account/registration/
Traceback (most recent call last):
  File "C:\Latyshevdp_WEB12\lib\site-packages\django\core\handlers\exception.py", line 55, in inner
    response = get_response(request)
  File "C:\Latyshevdp_WEB12\lib\site-packages\django\core\handlers\base.py", line 197, in _get_response
    response = wrapped_callback(request, *callback_args, **callback_kwargs)
  File "C:\Latyshevdp_WEB12\news_olimp_champions\app\user\views.py", line 24, in create_user
    return render(request, "user/registration.html", context=context)
  File "C:\Latyshevdp_WEB12\lib\site-packages\django\shortcuts.py", line 24, in render
    content = loader.render_to_string(template_name, context, request, using=using)
  File "C:\Latyshevdp_WEB12\lib\site-packages\django\template\loader.py", line 62, in render_to_string
    return template.render(context, request)
  File "C:\Latyshevdp_WEB12\lib\site-packages\django\template\backends\django.py", line 62, in render
    return self.template.render(context)
  File "C:\Latyshevdp_WEB12\lib\site-packages\django\template\base.py", line 175, in render
    return self._render(context)
  File "C:\Latyshevdp_WEB12\lib\site-packages\django\template\base.py", line 167, in _render
    return self.nodelist.render(context)
  File "C:\Latyshevdp_WEB12\lib\site-packages\django\template\base.py", line 1005, in render
    return SafeString("".join([node.render_annotated(context) for node in self]))
  File "C:\Latyshevdp_WEB12\lib\site-packages\django\template\base.py", line 1005, in <listcomp>
    return SafeString("".join([node.render_annotated(context) for node in self]))
  File "C:\Latyshevdp_WEB12\lib\site-packages\django\template\base.py", line 966, in render_annotated
    return self.render(context)
  File "C:\Latyshevdp_WEB12\lib\site-packages\django\template\loader_tags.py", line 132, in render
    compiled_parent = self.get_parent(context)
  File "C:\Latyshevdp_WEB12\lib\site-packages\django\template\loader_tags.py", line 129, in get_parent
    return self.find_template(parent, context)
  File "C:\Latyshevdp_WEB12\lib\site-packages\django\template\loader_tags.py", line 107, in find_template
    template, origin = context.template.engine.find_template(
  File "C:\Latyshevdp_WEB12\lib\site-packages\django\template\engine.py", line 157, in find_template
    template = loader.get_template(name, skip=skip)
  File "C:\Latyshevdp_WEB12\lib\site-packages\django\template\loaders\cached.py", line 57, in get_template
    template = super().get_template(template_name, skip)
  File "C:\Latyshevdp_WEB12\lib\site-packages\django\template\loaders\base.py", line 28, in get_template
    return Template(
  File "C:\Latyshevdp_WEB12\lib\site-packages\django\template\base.py", line 154, in __init__
    self.nodelist = self.compile_nodelist()
  File "C:\Latyshevdp_WEB12\lib\site-packages\django\template\base.py", line 200, in compile_nodelist
    return parser.parse()
  File "C:\Latyshevdp_WEB12\lib\site-packages\django\template\base.py", line 513, in parse
    raise self.error(token, e)
  File "C:\Latyshevdp_WEB12\lib\site-packages\django\template\base.py", line 511, in parse
    compiled_result = compile_func(self, token)
  File "C:\Latyshevdp_WEB12\lib\site-packages\django\template\loader_tags.py", line 347, in do_include
    bits[1] = construct_relative_path(parser.origin.template_name, bits[1])
  File "C:\Latyshevdp_WEB12\lib\site-packages\django\template\loader_tags.py", line 261, in construct_relative_path
    raise TemplateSyntaxError(
django.template.exceptions.TemplateSyntaxError: The relative path '"../inc/_footer.html"' points outside the file hierarchy that template 'base_registration.html' is in.
"GET /account/registration/ HTTP/1.1" 500 167020
Internal Server Error: /account/registration/
Traceback (most recent call last):
  File "C:\Latyshevdp_WEB12\lib\site-packages\django\core\handlers\exception.py", line 55, in inner
    response = get_response(request)
  File "C:\Latyshevdp_WEB12\lib\site-packages\django\core\handlers\base.py", line 197, in _get_response
    response = wrapped_callback(request, *callback_args, **callback_kwargs)
  File "C:\Latyshevdp_WEB12\news_olimp_champions\app\user\views.py", line 24, in create_user
    return render(request, "user/registration.html", context=context)
  File "C:\Latyshevdp_WEB12\lib\site-packages\django\shortcuts.py", line 24, in render
    content = loader.render_to_string(template_name, context, request, using=using)
  File "C:\Latyshevdp_WEB12\lib\site-packages\django\template\loader.py", line 62, in render_to_string
    return template.render(context, request)
  File "C:\Latyshevdp_WEB12\lib\site-packages\django\template\backends\django.py", line 62, in render
    return self.template.render(context)
  File "C:\Latyshevdp_WEB12\lib\site-packages\django\template\base.py", line 175, in render
    return self._render(context)
  File "C:\Latyshevdp_WEB12\lib\site-packages\django\template\base.py", line 167, in _render
    return self.nodelist.render(context)
  File "C:\Latyshevdp_WEB12\lib\site-packages\django\template\base.py", line 1005, in render
    return SafeString("".join([node.render_annotated(context) for node in self]))
  File "C:\Latyshevdp_WEB12\lib\site-packages\django\template\base.py", line 1005, in <listcomp>
    return SafeString("".join([node.render_annotated(context) for node in self]))
  File "C:\Latyshevdp_WEB12\lib\site-packages\django\template\base.py", line 966, in render_annotated
    return self.render(context)
  File "C:\Latyshevdp_WEB12\lib\site-packages\django\template\loader_tags.py", line 132, in render
    compiled_parent = self.get_parent(context)
  File "C:\Latyshevdp_WEB12\lib\site-packages\django\template\loader_tags.py", line 129, in get_parent
    return self.find_template(parent, context)
  File "C:\Latyshevdp_WEB12\lib\site-packages\django\template\loader_tags.py", line 107, in find_template
    template, origin = context.template.engine.find_template(
  File "C:\Latyshevdp_WEB12\lib\site-packages\django\template\engine.py", line 157, in find_template
    template = loader.get_template(name, skip=skip)
  File "C:\Latyshevdp_WEB12\lib\site-packages\django\template\loaders\cached.py", line 57, in get_template
    template = super().get_template(template_name, skip)
  File "C:\Latyshevdp_WEB12\lib\site-packages\django\template\loaders\base.py", line 28, in get_template
    return Template(
  File "C:\Latyshevdp_WEB12\lib\site-packages\django\template\base.py", line 154, in __init__
    self.nodelist = self.compile_nodelist()
  File "C:\Latyshevdp_WEB12\lib\site-packages\django\template\base.py", line 200, in compile_nodelist
    return parser.parse()
  File "C:\Latyshevdp_WEB12\lib\site-packages\django\template\base.py", line 513, in parse
    raise self.error(token, e)
  File "C:\Latyshevdp_WEB12\lib\site-packages\django\template\base.py", line 511, in parse
    compiled_result = compile_func(self, token)
  File "C:\Latyshevdp_WEB12\lib\site-packages\django\template\loader_tags.py", line 347, in do_include
    bits[1] = construct_relative_path(parser.origin.template_name, bits[1])
  File "C:\Latyshevdp_WEB12\lib\site-packages\django\template\loader_tags.py", line 261, in construct_relative_path
    raise TemplateSyntaxError(
django.template.exceptions.TemplateSyntaxError: The relative path '"../inc/_footer.html"' points outside the file hierarchy that template 'base_registration.html' is in.
"GET /account/registration/ HTTP/1.1" 500 166380
"GET /account/registration/ HTTP/1.1" 200 4737
"GET /static/css/main.css HTTP/1.1" 304 0
"GET /account/registration/ HTTP/1.1" 200 4737
"GET /account/login/ HTTP/1.1" 200 3924
Watching for file changes with StatReloader
"GET /account/login/ HTTP/1.1" 200 3922
"GET /static/css/main.css HTTP/1.1" 304 0
"GET /account/login/ HTTP/1.1" 200 3922
"GET /account/registration/ HTTP/1.1" 200 4737
"GET /static/css/main.css HTTP/1.1" 304 0
"GET /account/registration/ HTTP/1.1" 200 4737
"GET /account/registration/ HTTP/1.1" 200 4737
"GET /news/feedback/ HTTP/1.1" 200 3870
"GET /news/trener/ HTTP/1.1" 200 13061
"GET /static/css/main.css HTTP/1.1" 304 0
"GET /media/media/trener/22/10/30/4ca0d5d5d42ac21e55f4453f7aa4913f.png HTTP/1.1" 200 59553
"GET /media/media/trener/22/10/31/%D0%9F%D0%BE%D0%BA%D1%80%D0%BE%D0%B2%D1%81%D0%BA%D0%B0%D1%8F_%D0%A2%D0%B0%D1%82%D1%8C%D1%8F%D0%BD%D0%B0_%D0%9D%D0%B8%D0%BA%D0%BE%D0%BB%D0%B0%D0%B5%D0%B2%D0%BD%D0%B0_3ZSpBXH.png HTTP/1.1" 200 70365
"GET /media/media/trener/22/10/30/starkin_big.jpg HTTP/1.1" 200 9323
"GET /news/sportsman/ HTTP/1.1" 200 35586
"GET /news/ HTTP/1.1" 200 17453
"GET /static/css/main.css HTTP/1.1" 200 8668
"GET /news/ HTTP/1.1" 200 17453
"GET /static/css/main.css HTTP/1.1" 200 8665
"GET /static/img/favicon.png HTTP/1.1" 200 613
"GET /news/feedback/ HTTP/1.1" 200 3870
"GET /static/css/main.css HTTP/1.1" 304 0
"GET /account/login/ HTTP/1.1" 200 3924
"GET /static/css/main.css HTTP/1.1" 304 0
"GET /account/registration/ HTTP/1.1" 200 4737
"GET /static/css/main.css HTTP/1.1" 304 0
"GET /account/login/ HTTP/1.1" 200 3924
"GET /static/css/main.css HTTP/1.1" 304 0
"GET /account/registration/ HTTP/1.1" 200 4737
"GET /static/css/main.css HTTP/1.1" 304 0
"GET /account/registration/ HTTP/1.1" 200 4737
"GET /account/registration/ HTTP/1.1" 200 4737
"GET /static/css/main.css HTTP/1.1" 304 0
"GET /account/login/ HTTP/1.1" 200 3924
"GET /account/login/ HTTP/1.1" 200 3924
"GET /static/css/main.css HTTP/1.1" 200 8665
"GET /static/css/slide.css HTTP/1.1" 200 503
"GET /static/img/enter.png HTTP/1.1" 200 1982
"GET /static/img/logo.png HTTP/1.1" 200 12475
"GET /static/img/news.png HTTP/1.1" 200 1609
"GET /static/img/trener.png HTTP/1.1" 200 1671
"GET /static/img/sportsman.png HTTP/1.1" 200 1979
"GET /static/img/favicon.png HTTP/1.1" 200 613
"GET /account/login/ HTTP/1.1" 200 3924
"GET /account/login/ HTTP/1.1" 200 3924
"GET /static/css/main.css HTTP/1.1" 200 8704
"GET /account/registration/ HTTP/1.1" 200 4737
"GET /static/css/main.css HTTP/1.1" 304 0
"GET /account/registration/ HTTP/1.1" 200 4737
"GET /static/css/main.css HTTP/1.1" 304 0
"GET /account/login/ HTTP/1.1" 200 3924
"GET /static/css/main.css HTTP/1.1" 304 0
"GET /account/registration/ HTTP/1.1" 200 4737
"GET /static/css/main.css HTTP/1.1" 304 0
"GET /account/registration/ HTTP/1.1" 200 4737
"GET /static/css/main.css HTTP/1.1" 304 0
"GET /account/login/ HTTP/1.1" 200 3924
"GET /news/ HTTP/1.1" 200 17453
"GET /static/css/main.css HTTP/1.1" 304 0
"GET /media/media/stand/22/11/05/4a97387480273.560ac2503f0e4.jpg HTTP/1.1" 200 15368
"GET /media/media/stand/22/11/05/2016_IIHF_World_Championship_logo.png HTTP/1.1" 200 19582
"GET /media/media/stand/22/11/05/WC-2014-Brasil.svg.png HTTP/1.1" 200 31346
"GET /static/img/reklama/2.png HTTP/1.1" 200 125744
"GET /static/img/reklama/4.png HTTP/1.1" 200 161681
"GET /static/img/reklama/3.png HTTP/1.1" 200 157647
"GET /static/img/reklama/1.png HTTP/1.1" 200 188631
"GET /static/img/reklama2/1.png HTTP/1.1" 200 173957
"GET /static/img/reklama2/2.png HTTP/1.1" 200 211536
"GET /static/img/reklama2/5.png HTTP/1.1" 200 275087
"GET /static/img/reklama2/4.png HTTP/1.1" 200 217800
"GET /static/img/reklama2/3.png HTTP/1.1" 200 221986
"GET /news/trener/ HTTP/1.1" 200 13061
"GET /media/media/trener/22/10/30/starkin_big.jpg HTTP/1.1" 200 9323
"GET /media/media/trener/22/10/30/4ca0d5d5d42ac21e55f4453f7aa4913f.png HTTP/1.1" 200 59553
"GET /media/media/trener/22/10/31/%D0%9F%D0%BE%D0%BA%D1%80%D0%BE%D0%B2%D1%81%D0%BA%D0%B0%D1%8F_%D0%A2%D0%B0%D1%82%D1%8C%D1%8F%D0%BD%D0%B0_%D0%9D%D0%B8%D0%BA%D0%BE%D0%BB%D0%B0%D0%B5%D0%B2%D0%BD%D0%B0_3ZSpBXH.png HTTP/1.1" 200 70365
"GET /account/login/ HTTP/1.1" 200 3924
"GET /static/css/main.css HTTP/1.1" 304 0
"GET /account/login/ HTTP/1.1" 200 3924
"GET /static/css/main.css HTTP/1.1" 200 8704
"GET /account/login/ HTTP/1.1" 200 3924
"GET /account/login/ HTTP/1.1" 200 3924
"GET /account/login/ HTTP/1.1" 200 3924
"GET /account/registration/ HTTP/1.1" 200 4737
"GET /account/login/ HTTP/1.1" 200 3924
"GET /static/css/main.css HTTP/1.1" 200 8704
"GET /static/css/slide.css HTTP/1.1" 200 503
"GET /static/img/news.png HTTP/1.1" 200 1609
"GET /static/img/logo.png HTTP/1.1" 200 12475
"GET /static/img/trener.png HTTP/1.1" 200 1671
"GET /static/img/enter.png HTTP/1.1" 200 1982
"GET /static/img/sportsman.png HTTP/1.1" 200 1979
"GET /static/img/favicon.png HTTP/1.1" 200 613
"GET /account/registration/ HTTP/1.1" 200 4737
"GET /account/registration/ HTTP/1.1" 200 4737
"GET /account/login/ HTTP/1.1" 200 3924
"GET /account/login/ HTTP/1.1" 200 3924
"GET /static/css/main.css HTTP/1.1" 304 0
"GET /account/registration/ HTTP/1.1" 200 4737
"GET /news/ HTTP/1.1" 200 17453
"GET /static/css/main.css HTTP/1.1" 304 0
"GET /media/media/stand/22/11/05/2016_IIHF_World_Championship_logo.png HTTP/1.1" 200 19582
"GET /media/media/stand/22/11/05/WC-2014-Brasil.svg.png HTTP/1.1" 200 31346
"GET /media/media/stand/22/11/05/4a97387480273.560ac2503f0e4.jpg HTTP/1.1" 200 15368
"GET /static/img/reklama2/1.png HTTP/1.1" 200 173957
"GET /static/img/reklama2/4.png HTTP/1.1" 200 217800
"GET /static/img/reklama2/5.png HTTP/1.1" 200 275087
"GET /static/img/reklama2/2.png HTTP/1.1" 200 211536
"GET /static/img/reklama2/3.png HTTP/1.1" 200 221986
"GET /account/login/ HTTP/1.1" 200 3924
"GET /account/login/ HTTP/1.1" 200 3924
"GET /static/img/logo.png HTTP/1.1" 200 12475
"GET /static/img/news.png HTTP/1.1" 200 1609
"GET /static/img/sportsman.png HTTP/1.1" 200 1979
"GET /static/img/trener.png HTTP/1.1" 200 1671
"GET /static/img/enter.png HTTP/1.1" 200 1982
"GET /static/css/slide.css HTTP/1.1" 200 503
"GET /static/css/main.css HTTP/1.1" 200 8704
"GET /static/img/favicon.png HTTP/1.1" 200 613
"GET /account/login/ HTTP/1.1" 200 3924
"GET /news/feedback/ HTTP/1.1" 200 3870
"GET /account/login/ HTTP/1.1" 200 3924
"GET /account/login/ HTTP/1.1" 200 3924
"GET /static/css/main.css HTTP/1.1" 304 0
"GET /account/login/ HTTP/1.1" 200 3924
"GET /static/css/main.css HTTP/1.1" 200 8704
"GET /static/css/slide.css HTTP/1.1" 200 503
"GET /static/img/logo.png HTTP/1.1" 200 12475
"GET /static/img/news.png HTTP/1.1" 200 1609
"GET /static/img/enter.png HTTP/1.1" 200 1982
"GET /static/img/trener.png HTTP/1.1" 200 1671
"GET /static/img/sportsman.png HTTP/1.1" 200 1979
"GET /static/img/favicon.png HTTP/1.1" 200 613
"GET /account/login/ HTTP/1.1" 200 3924
Watching for file changes with StatReloader
Internal Server Error: /account/login/
Traceback (most recent call last):
  File "C:\Latyshevdp_WEB12\lib\site-packages\django\template\backends\django.py", line 62, in render
    return self.template.render(context)
  File "C:\Latyshevdp_WEB12\lib\site-packages\django\template\base.py", line 175, in render
    return self._render(context)
  File "C:\Latyshevdp_WEB12\lib\site-packages\django\template\base.py", line 167, in _render
    return self.nodelist.render(context)
  File "C:\Latyshevdp_WEB12\lib\site-packages\django\template\base.py", line 1005, in render
    return SafeString("".join([node.render_annotated(context) for node in self]))
  File "C:\Latyshevdp_WEB12\lib\site-packages\django\template\base.py", line 1005, in <listcomp>
    return SafeString("".join([node.render_annotated(context) for node in self]))
  File "C:\Latyshevdp_WEB12\lib\site-packages\django\template\base.py", line 966, in render_annotated
    return self.render(context)
  File "C:\Latyshevdp_WEB12\lib\site-packages\django\template\loader_tags.py", line 157, in render
    return compiled_parent._render(context)
  File "C:\Latyshevdp_WEB12\lib\site-packages\django\template\base.py", line 167, in _render
    return self.nodelist.render(context)
  File "C:\Latyshevdp_WEB12\lib\site-packages\django\template\base.py", line 1005, in render
    return SafeString("".join([node.render_annotated(context) for node in self]))
  File "C:\Latyshevdp_WEB12\lib\site-packages\django\template\base.py", line 1005, in <listcomp>
    return SafeString("".join([node.render_annotated(context) for node in self]))
  File "C:\Latyshevdp_WEB12\lib\site-packages\django\template\base.py", line 966, in render_annotated
    return self.render(context)
  File "C:\Latyshevdp_WEB12\lib\site-packages\django\template\loader_tags.py", line 197, in render
    template = context.template.engine.select_template(template_name)
  File "C:\Latyshevdp_WEB12\lib\site-packages\django\template\engine.py", line 212, in select_template
    raise TemplateDoesNotExist(", ".join(not_found))
django.template.exceptions.TemplateDoesNotExist: /inc/_footer.html

The above exception was the direct cause of the following exception:

Traceback (most recent call last):
  File "C:\Latyshevdp_WEB12\lib\site-packages\django\core\handlers\exception.py", line 55, in inner
    response = get_response(request)
  File "C:\Latyshevdp_WEB12\lib\site-packages\django\core\handlers\base.py", line 197, in _get_response
    response = wrapped_callback(request, *callback_args, **callback_kwargs)
  File "C:\Latyshevdp_WEB12\news_olimp_champions\app\user\views.py", line 45, in login_user
    return render(request, "user/login.html", context=context)
  File "C:\Latyshevdp_WEB12\lib\site-packages\django\shortcuts.py", line 24, in render
    content = loader.render_to_string(template_name, context, request, using=using)
  File "C:\Latyshevdp_WEB12\lib\site-packages\django\template\loader.py", line 62, in render_to_string
    return template.render(context, request)
  File "C:\Latyshevdp_WEB12\lib\site-packages\django\template\backends\django.py", line 64, in render
    reraise(exc, self.backend)
  File "C:\Latyshevdp_WEB12\lib\site-packages\django\template\backends\django.py", line 85, in reraise
    raise new from exc
django.template.exceptions.TemplateDoesNotExist: /inc/_footer.html
"GET /account/login/ HTTP/1.1" 500 141527
Not Found: /favicon.ico
"GET /favicon.ico HTTP/1.1" 404 2563
"GET /account/login/ HTTP/1.1" 200 3923
"GET /static/css/main.css HTTP/1.1" 304 0
"GET /account/login/ HTTP/1.1" 200 4003
"GET /static/css/main.css HTTP/1.1" 304 0
"GET /account/login/ HTTP/1.1" 200 4003
"GET /static/css/main.css HTTP/1.1" 304 0
"GET /account/registration/ HTTP/1.1" 200 4737
"GET /account/login/ HTTP/1.1" 200 4003
"GET /news/ HTTP/1.1" 200 17453
"GET /media/media/stand/22/11/05/2016_IIHF_World_Championship_logo.png HTTP/1.1" 200 19582
"GET /media/media/stand/22/11/05/4a97387480273.560ac2503f0e4.jpg HTTP/1.1" 200 15368
"GET /media/media/stand/22/11/05/WC-2014-Brasil.svg.png HTTP/1.1" 200 31346
"GET /static/img/reklama/2.png HTTP/1.1" 200 125744
"GET /static/img/reklama/4.png HTTP/1.1" 200 161681
"GET /static/img/reklama/1.png HTTP/1.1" 200 188631
"GET /static/img/reklama/3.png HTTP/1.1" 200 157647
"GET /static/img/reklama2/1.png HTTP/1.1" 200 173957
"GET /static/img/reklama2/2.png HTTP/1.1" 200 211536
"GET /static/img/reklama2/4.png HTTP/1.1" 200 217800
"GET /static/img/reklama2/3.png HTTP/1.1" 200 221986
"GET /static/img/reklama2/5.png HTTP/1.1" 200 275087
"GET /account/login/ HTTP/1.1" 200 4003
"GET /account/login/ HTTP/1.1" 200 3928
"GET /account/login/ HTTP/1.1" 200 3928
"GET /account/login/ HTTP/1.1" 200 3928
"GET /account/login/ HTTP/1.1" 200 3928
"GET /account/registration/ HTTP/1.1" 200 4737
"GET /account/registration/ HTTP/1.1" 200 4737
"GET /account/registration/ HTTP/1.1" 200 4737
"GET /static/css/main.css HTTP/1.1" 304 0
"GET /account/registration/ HTTP/1.1" 200 4737
"GET /account/login/ HTTP/1.1" 200 3928
"GET /account/login/ HTTP/1.1" 200 3928
"GET /account/login/ HTTP/1.1" 200 3928
"GET /account/login/ HTTP/1.1" 200 3928
"GET /account/login/ HTTP/1.1" 200 3928
"GET /account/login/ HTTP/1.1" 200 3928
"GET /account/login/ HTTP/1.1" 200 3928
"GET /news/ HTTP/1.1" 200 17453
"GET /account/login/ HTTP/1.1" 200 3928
"GET /static/css/main.css HTTP/1.1" 304 0
"GET /account/registration/ HTTP/1.1" 200 4737
"GET /static/css/main.css HTTP/1.1" 304 0
"GET /account/login/ HTTP/1.1" 200 3928
"GET /account/login/ HTTP/1.1" 200 3928
"GET /account/login/ HTTP/1.1" 200 3928
"GET /account/login/ HTTP/1.1" 200 3928
"GET /account/registration/ HTTP/1.1" 200 4737
"GET /account/login/ HTTP/1.1" 200 2432
"GET /account/login/ HTTP/1.1" 200 3928
"GET /static/css/main.css HTTP/1.1" 304 0
"GET /account/login/ HTTP/1.1" 200 3926
"GET /account/login/ HTTP/1.1" 200 3897
"GET /account/login/ HTTP/1.1" 200 3926
"GET /news/sportsman/ HTTP/1.1" 200 35584
"GET /media/media/sportsman/22/11/01/800px-20180920_Fussball_UEFA_Europa_League_RB_Leipzig_-_FC_Salz_3KWSN4g.jpg HTTP/1.1" 200 26124
"GET /media/media/sportsman/22/11/01/375px-Andre-Hoffmann-08-2019.jpg HTTP/1.1" 200 21047
"GET /media/media/sportsman/22/11/01/Kapino.jpg HTTP/1.1" 200 21062
"GET /news/sportsman/ HTTP/1.1" 200 35584
"GET /account/login/ HTTP/1.1" 200 3927
"GET /account/login/ HTTP/1.1" 200 3927
"GET /account/login/ HTTP/1.1" 200 3927
"GET /account/registration/ HTTP/1.1" 200 4735
"GET /account/registration/ HTTP/1.1" 200 4735
"GET /static/css/main.css HTTP/1.1" 304 0
"GET /account/registration/ HTTP/1.1" 200 4735
"GET /account/login/ HTTP/1.1" 200 3927
"GET /account/login/ HTTP/1.1" 200 3922
"GET /static/img/background1.png HTTP/1.1" 200 199598
"GET /news/ HTTP/1.1" 200 17451
"GET /news/sportsman/ HTTP/1.1" 200 35584
"GET /static/css/main.css HTTP/1.1" 304 0
Watching for file changes with StatReloader
"GET /news/sportsman/ HTTP/1.1" 200 35584
"GET /account/login/ HTTP/1.1" 200 3922
"GET /account/login/ HTTP/1.1" 200 3922
"GET /static/css/main.css HTTP/1.1" 200 8704
"GET /static/css/slide.css HTTP/1.1" 200 503
"GET /static/img/sportsman.png HTTP/1.1" 200 1979
"GET /static/img/logo.png HTTP/1.1" 200 12475
"GET /static/img/news.png HTTP/1.1" 200 1609
"GET /static/img/trener.png HTTP/1.1" 200 1671
"GET /static/img/enter.png HTTP/1.1" 200 1982
"GET /static/img/favicon.png HTTP/1.1" 200 613
"GET /account/login/ HTTP/1.1" 200 3937
"GET /static/css/main.css HTTP/1.1" 304 0
"GET /account/login/ HTTP/1.1" 200 3937
"GET /account/registration/ HTTP/1.1" 200 4750
"GET /account/login/ HTTP/1.1" 200 3937
"GET /account/login/ HTTP/1.1" 200 3937
"GET /account/login/ HTTP/1.1" 200 3937
"GET /static/css/main.css HTTP/1.1" 304 0
"GET /account/registration/ HTTP/1.1" 200 4750
"GET /account/login/ HTTP/1.1" 200 3937
"GET /account/registration/ HTTP/1.1" 200 4750
Watching for file changes with StatReloader
"GET /account/login/ HTTP/1.1" 200 4105
Watching for file changes with StatReloader
"GET /account/login/ HTTP/1.1" 200 4112
"GET /static/css/main.css HTTP/1.1" 200 8704
"GET /static/css/slide.css HTTP/1.1" 200 503
"GET /static/img/trener.png HTTP/1.1" 200 1671
"GET /static/img/sportsman.png HTTP/1.1" 200 1979
"GET /static/img/logo.png HTTP/1.1" 200 12475
"GET /static/img/news.png HTTP/1.1" 200 1609
"GET /static/img/enter.png HTTP/1.1" 200 1982
"GET /static/img/favicon.png HTTP/1.1" 200 613
"GET /account/login/ HTTP/1.1" 200 4145
Watching for file changes with StatReloader
"GET /account/login/ HTTP/1.1" 200 3938
"GET /account/login/ HTTP/1.1" 200 3938
"GET /static/css/main.css HTTP/1.1" 200 8661
"GET /account/login/ HTTP/1.1" 200 3938
"GET /static/css/main.css HTTP/1.1" 200 8679
"GET /account/login/ HTTP/1.1" 200 3938
"GET /static/css/main.css HTTP/1.1" 304 0
"GET /account/login/ HTTP/1.1" 200 3938
"GET /static/css/main.css HTTP/1.1" 304 0
"GET /news/feedback/ HTTP/1.1" 200 3883
"GET /static/css/main.css HTTP/1.1" 304 0
"GET /account/login/ HTTP/1.1" 200 3938
"GET /static/css/main.css HTTP/1.1" 304 0
"GET /account/login/ HTTP/1.1" 200 3938
"GET /static/css/main.css HTTP/1.1" 304 0
"GET /account/registration/ HTTP/1.1" 200 4750
"GET /static/css/main.css HTTP/1.1" 304 0
"GET /news/feedback/ HTTP/1.1" 200 3883
"GET /static/css/main.css HTTP/1.1" 304 0
"GET /news/trener/ HTTP/1.1" 200 13074
"GET /static/css/main.css HTTP/1.1" 304 0
"GET /media/media/trener/22/10/30/starkin_big.jpg HTTP/1.1" 200 9323
"GET /media/media/trener/22/10/31/%D0%9F%D0%BE%D0%BA%D1%80%D0%BE%D0%B2%D1%81%D0%BA%D0%B0%D1%8F_%D0%A2%D0%B0%D1%82%D1%8C%D1%8F%D0%BD%D0%B0_%D0%9D%D0%B8%D0%BA%D0%BE%D0%BB%D0%B0%D0%B5%D0%B2%D0%BD%D0%B0_3ZSpBXH.png HTTP/1.1" 200 70365
"GET /media/media/trener/22/10/30/4ca0d5d5d42ac21e55f4453f7aa4913f.png HTTP/1.1" 200 59553
"GET /static/img/reklama/2.png HTTP/1.1" 200 125744
"GET /static/img/reklama/3.png HTTP/1.1" 200 157647
"GET /static/img/reklama/1.png HTTP/1.1" 200 188631
"GET /static/img/reklama/4.png HTTP/1.1" 200 161681
"GET /static/img/reklama2/1.png HTTP/1.1" 200 173957
"GET /static/img/reklama2/2.png HTTP/1.1" 200 211536
"GET /static/img/reklama2/3.png HTTP/1.1" 200 221986
"GET /static/img/reklama2/4.png HTTP/1.1" 200 217800
"GET /static/img/reklama2/5.png HTTP/1.1" 200 275087
"GET /news/ HTTP/1.1" 200 17466
"GET /static/css/main.css HTTP/1.1" 304 0
"GET /media/media/stand/22/11/05/4a97387480273.560ac2503f0e4.jpg HTTP/1.1" 200 15368
"GET /media/media/stand/22/11/05/2016_IIHF_World_Championship_logo.png HTTP/1.1" 200 19582
"GET /media/media/stand/22/11/05/WC-2014-Brasil.svg.png HTTP/1.1" 200 31346
"GET /static/css/main.css HTTP/1.1" 304 0
"GET /news/ HTTP/1.1" 200 17466
"GET /static/css/main.css HTTP/1.1" 304 0
"GET /account/login/ HTTP/1.1" 200 3938
"GET /account/login/ HTTP/1.1" 200 3938
"GET /static/css/main.css HTTP/1.1" 304 0
"GET /account/login/ HTTP/1.1" 200 3938
"GET /static/css/main.css HTTP/1.1" 200 8679
"GET /account/login/ HTTP/1.1" 200 3938
"GET /static/css/main.css HTTP/1.1" 304 0
"GET /account/login/ HTTP/1.1" 200 3938
"GET /static/css/main.css HTTP/1.1" 200 8678
"GET /news/ HTTP/1.1" 200 17466
"GET /static/css/main.css HTTP/1.1" 304 0
"GET /news/ HTTP/1.1" 200 17488
"GET /static/css/main.css HTTP/1.1" 200 8661
"GET /news/ HTTP/1.1" 200 17488
"GET /static/css/main.css HTTP/1.1" 200 8679
"GET /news/ HTTP/1.1" 200 17488
"GET /static/css/main.css HTTP/1.1" 200 8679
"GET /account/login/ HTTP/1.1" 200 3960
"GET /static/css/main.css HTTP/1.1" 304 0
"GET /account/login/ HTTP/1.1" 200 3960
"GET /static/css/main.css HTTP/1.1" 304 0
"GET /account/login/ HTTP/1.1" 200 3960
"GET /static/css/main.css HTTP/1.1" 200 8679
"GET /account/login/ HTTP/1.1" 200 3960
"GET /static/css/main.css HTTP/1.1" 304 0
"GET /news/feedback/ HTTP/1.1" 200 3905
"GET /static/css/main.css HTTP/1.1" 304 0
"GET /account/login/ HTTP/1.1" 200 3960
"GET /static/css/main.css HTTP/1.1" 304 0
"GET /news/feedback/ HTTP/1.1" 200 3905
"GET /static/css/main.css HTTP/1.1" 304 0
"GET /news/ HTTP/1.1" 200 17488
"GET /static/css/main.css HTTP/1.1" 304 0
"GET /news/ HTTP/1.1" 200 17500
"GET /static/css/main.css HTTP/1.1" 200 8680
"GET /news/ HTTP/1.1" 200 17513
"GET /static/css/main.css HTTP/1.1" 200 8679
"GET /news/ HTTP/1.1" 200 17515
"GET /static/css/main.css HTTP/1.1" 304 0
"GET /news/ HTTP/1.1" 200 17515
"GET /static/css/main.css HTTP/1.1" 200 8679
- Broken pipe from ('127.0.0.1', 51135)
- Broken pipe from ('127.0.0.1', 51132)
- Broken pipe from ('127.0.0.1', 51140)
- Broken pipe from ('127.0.0.1', 51141)
"GET /account/login/ HTTP/1.1" 200 3987
"GET /static/css/main.css HTTP/1.1" 304 0
"GET /account/login/ HTTP/1.1" 200 3987
"GET /static/css/main.css HTTP/1.1" 200 8679
"GET /account/login/ HTTP/1.1" 200 3987
"GET /static/css/main.css HTTP/1.1" 304 0
"GET /account/login/ HTTP/1.1" 200 3975
"GET /static/css/main.css HTTP/1.1" 304 0
"GET /account/login/ HTTP/1.1" 200 3975
"GET /static/css/main.css HTTP/1.1" 304 0
"GET /account/registration/ HTTP/1.1" 200 4787
"GET /static/css/main.css HTTP/1.1" 304 0
"GET /account/registration/ HTTP/1.1" 200 4786
"GET /static/css/main.css HTTP/1.1" 304 0
"GET /account/registration/ HTTP/1.1" 200 4798
"GET /static/css/main.css HTTP/1.1" 304 0
"GET /account/registration/ HTTP/1.1" 200 4798
"GET /account/registration/ HTTP/1.1" 200 4799
"GET /static/css/main.css HTTP/1.1" 304 0
"GET /account/registration/ HTTP/1.1" 200 4820
"GET /static/css/main.css HTTP/1.1" 304 0
"GET /account/registration/ HTTP/1.1" 200 4820
"GET /static/css/main.css HTTP/1.1" 200 8679
"GET /static/css/slide.css HTTP/1.1" 200 503
"GET /static/img/logo.png HTTP/1.1" 200 12475
"GET /static/img/news.png HTTP/1.1" 200 1609
"GET /static/img/enter.png HTTP/1.1" 200 1982
"GET /static/img/trener.png HTTP/1.1" 200 1671
"GET /static/img/sportsman.png HTTP/1.1" 200 1979
"GET /static/img/favicon.png HTTP/1.1" 200 613
"GET /account/registration/ HTTP/1.1" 200 4822
"GET /static/css/main.css HTTP/1.1" 304 0
"GET /account/registration/ HTTP/1.1" 200 4822
"GET /static/css/main.css HTTP/1.1" 200 8679
"GET /static/css/slide.css HTTP/1.1" 200 503
"GET /static/img/logo.png HTTP/1.1" 200 12475
"GET /static/img/enter.png HTTP/1.1" 200 1982
"GET /static/img/trener.png HTTP/1.1" 200 1671
"GET /static/img/news.png HTTP/1.1" 200 1609
"GET /static/img/sportsman.png HTTP/1.1" 200 1979
"GET /static/img/favicon.png HTTP/1.1" 200 613
"GET /account/registration/ HTTP/1.1" 200 4823
"GET /static/css/main.css HTTP/1.1" 304 0
"GET /account/registration/ HTTP/1.1" 200 4835
"GET /static/css/main.css HTTP/1.1" 304 0
"GET /account/registration/ HTTP/1.1" 200 4835
"GET /account/registration/ HTTP/1.1" 200 4826
"GET /account/registration/ HTTP/1.1" 200 4826
"GET /static/css/main.css HTTP/1.1" 200 8679
"GET /static/css/slide.css HTTP/1.1" 200 503
"GET /static/img/news.png HTTP/1.1" 200 1609
"GET /static/img/logo.png HTTP/1.1" 200 12475
"GET /static/img/sportsman.png HTTP/1.1" 200 1979
"GET /static/img/trener.png HTTP/1.1" 200 1671
"GET /static/img/enter.png HTTP/1.1" 200 1982
"GET /static/img/favicon.png HTTP/1.1" 200 613
"GET /account/registration/ HTTP/1.1" 200 4826
"GET /account/registration/ HTTP/1.1" 200 4848
"GET /account/registration/ HTTP/1.1" 200 4848
"GET /static/css/main.css HTTP/1.1" 200 8683
"GET /account/registration/ HTTP/1.1" 200 4842
"GET /static/css/main.css HTTP/1.1" 200 8679
"GET /account/registration/ HTTP/1.1" 200 4848
"GET /static/css/main.css HTTP/1.1" 304 0
"GET /account/registration/ HTTP/1.1" 200 4848
"GET /static/css/main.css HTTP/1.1" 200 8696
"GET /account/registration/ HTTP/1.1" 200 4998
"GET /static/css/main.css HTTP/1.1" 304 0
"GET /account/registration/ HTTP/1.1" 200 4998
"GET /static/css/main.css HTTP/1.1" 200 8742
"GET /account/registration/ HTTP/1.1" 200 4998
"GET /static/css/main.css HTTP/1.1" 200 8748
"GET /account/registration/ HTTP/1.1" 200 4998
"GET /static/css/main.css HTTP/1.1" 200 8766
"GET /account/registration/ HTTP/1.1" 200 4998
"GET /static/css/main.css HTTP/1.1" 200 8767
"GET /account/registration/ HTTP/1.1" 200 4998
"GET /static/css/main.css HTTP/1.1" 200 8767
"GET /account/login/ HTTP/1.1" 200 4186
"GET /static/css/main.css HTTP/1.1" 304 0
"GET /account/login/ HTTP/1.1" 200 4186
"GET /static/css/main.css HTTP/1.1" 304 0
"GET /account/login/ HTTP/1.1" 200 4186
"GET /account/login/ HTTP/1.1" 200 4186
"GET /account/registration/ HTTP/1.1" 200 4998
"GET /static/css/main.css HTTP/1.1" 304 0
"GET /news/trener/ HTTP/1.1" 200 13322
"GET /static/css/main.css HTTP/1.1" 304 0
"GET /media/media/trener/22/10/31/%D0%9F%D0%BE%D0%BA%D1%80%D0%BE%D0%B2%D1%81%D0%BA%D0%B0%D1%8F_%D0%A2%D0%B0%D1%82%D1%8C%D1%8F%D0%BD%D0%B0_%D0%9D%D0%B8%D0%BA%D0%BE%D0%BB%D0%B0%D0%B5%D0%B2%D0%BD%D0%B0_3ZSpBXH.png HTTP/1.1" 200 70365
"GET /static/img/reklama/3.png HTTP/1.1" 200 157647
"GET /static/img/reklama/4.png HTTP/1.1" 200 161681
"GET /media/media/trener/22/10/30/4ca0d5d5d42ac21e55f4453f7aa4913f.png HTTP/1.1" 200 59553
"GET /media/media/trener/22/10/30/starkin_big.jpg HTTP/1.1" 200 9323
"GET /static/img/reklama/2.png HTTP/1.1" 200 125744
"GET /static/img/reklama/1.png HTTP/1.1" 200 188631
"GET /static/img/reklama2/1.png HTTP/1.1" 200 173957
"GET /static/img/reklama2/3.png HTTP/1.1" 200 221986
"GET /static/img/reklama2/2.png HTTP/1.1" 200 211536
"GET /static/img/reklama2/4.png HTTP/1.1" 200 217800
"GET /static/img/reklama2/5.png HTTP/1.1" 200 275087
"GET /news/trener/ HTTP/1.1" 200 13364
"GET /static/css/main.css HTTP/1.1" 304 0
"GET /news/trener/ HTTP/1.1" 200 13342
"GET /static/css/main.css HTTP/1.1" 304 0
"GET /news/trener/ HTTP/1.1" 200 13348
"GET /static/css/main.css HTTP/1.1" 304 0
"GET /news/trener/ HTTP/1.1" 200 13527
"GET /static/css/main.css HTTP/1.1" 304 0
"GET /news/trener/ HTTP/1.1" 200 13350
"GET /static/css/main.css HTTP/1.1" 200 8575
"GET /news/trener/ HTTP/1.1" 200 13350
"GET /static/css/main.css HTTP/1.1" 200 8750
"GET /news/trener/ HTTP/1.1" 200 13350
"GET /static/css/main.css HTTP/1.1" 200 8745
"GET /account/login/ HTTP/1.1" 200 4214
"GET /static/css/main.css HTTP/1.1" 304 0
"GET /account/login/ HTTP/1.1" 200 4214
"GET /static/css/main.css HTTP/1.1" 200 8786
"GET /account/login/ HTTP/1.1" 200 4196
"GET /static/css/main.css HTTP/1.1" 304 0
"GET /account/login/ HTTP/1.1" 200 4195
"GET /static/css/main.css HTTP/1.1" 304 0
"GET /account/login/ HTTP/1.1" 200 4195
"GET /static/css/main.css HTTP/1.1" 304 0
"GET /account/login/ HTTP/1.1" 200 4200
"GET /static/css/main.css HTTP/1.1" 304 0
"GET /account/login/ HTTP/1.1" 200 4200
"GET /static/css/main.css HTTP/1.1" 304 0
"GET /account/login/ HTTP/1.1" 200 4222
"GET /static/css/main.css HTTP/1.1" 304 0
"GET /account/login/ HTTP/1.1" 200 4326
"GET /static/css/main.css HTTP/1.1" 304 0
"GET /account/login/ HTTP/1.1" 200 4326
"GET /static/css/main.css HTTP/1.1" 200 8786
"GET /account/login/ HTTP/1.1" 200 4326
"GET /static/css/main.css HTTP/1.1" 304 0
"GET /account/login/ HTTP/1.1" 200 4345
"GET /static/css/main.css HTTP/1.1" 304 0
"GET /static/css/main.css HTTP/1.1" 304 0
"GET /account/login/ HTTP/1.1" 200 4461
"GET /static/css/main.css HTTP/1.1" 304 0
Watching for file changes with StatReloader
"GET / HTTP/1.1" 301 0
"GET /news/ HTTP/1.1" 200 17989
"GET /static/css/main.css HTTP/1.1" 304 0
"GET /media/media/stand/22/11/05/2016_IIHF_World_Championship_logo.png HTTP/1.1" 304 0
"GET /media/media/stand/22/11/05/WC-2014-Brasil.svg.png HTTP/1.1" 304 0
"GET /media/media/stand/22/11/05/4a97387480273.560ac2503f0e4.jpg HTTP/1.1" 304 0
"GET /news/ HTTP/1.1" 200 17990
"GET /news/ HTTP/1.1" 200 17990
"GET /news/ HTTP/1.1" 200 17990
"GET /static/css/main.css HTTP/1.1" 200 8790
"GET /static/img/logo.png HTTP/1.1" 200 12475
"GET /static/css/slide.css HTTP/1.1" 200 503
"GET /static/img/trener.png HTTP/1.1" 200 1671
"GET /static/img/news.png HTTP/1.1" 200 1609
"GET /media/media/stand/22/11/05/2016_IIHF_World_Championship_logo.png HTTP/1.1" 200 19582
"GET /static/img/sportsman.png HTTP/1.1" 200 1979
"GET /static/img/enter.png HTTP/1.1" 200 1982
"GET /media/media/stand/22/11/05/WC-2014-Brasil.svg.png HTTP/1.1" 200 31346
"GET /media/media/stand/22/11/05/4a97387480273.560ac2503f0e4.jpg HTTP/1.1" 200 15368
"GET /static/img/reklama2/3.png HTTP/1.1" 200 221986
"GET /static/img/reklama2/4.png HTTP/1.1" 200 217800
"GET /static/img/reklama2/1.png HTTP/1.1" 200 173957
"GET /static/img/reklama2/5.png HTTP/1.1" 200 275087
"GET /static/img/reklama2/2.png HTTP/1.1" 200 211536
"GET /static/img/favicon.png HTTP/1.1" 200 613
"GET /account/login/ HTTP/1.1" 200 4462
"GET /static/css/main.css HTTP/1.1" 304 0
"GET /account/registration/ HTTP/1.1" 200 5274
"GET /static/css/main.css HTTP/1.1" 304 0
"GET /account/login/ HTTP/1.1" 200 4462
"GET /static/css/main.css HTTP/1.1" 304 0
"GET /static/css/main.css HTTP/1.1" 304 0
"GET /account/registration/ HTTP/1.1" 200 5274
"GET /static/css/main.css HTTP/1.1" 304 0
"GET /account/login/ HTTP/1.1" 200 4462
"GET /news/ HTTP/1.1" 200 17990
"GET /account/login/ HTTP/1.1" 200 4462
"GET /static/css/main.css HTTP/1.1" 304 0
"GET /account/login/ HTTP/1.1" 200 4462
"GET /static/css/main.css HTTP/1.1" 200 8815
"GET /static/css/main.css HTTP/1.1" 304 0
"GET /account/login/ HTTP/1.1" 200 4462
"GET /static/css/main.css HTTP/1.1" 304 0
"GET /news/ HTTP/1.1" 200 17990
"GET /static/css/main.css HTTP/1.1" 200 8770
"GET /news/ HTTP/1.1" 200 17990
"GET /static/css/main.css HTTP/1.1" 304 0
"GET /news/ HTTP/1.1" 200 17990
"GET /static/css/main.css HTTP/1.1" 200 8770
"GET /static/img/news.png HTTP/1.1" 200 1609
"GET /static/img/enter.png HTTP/1.1" 200 1982
"GET /static/img/logo.png HTTP/1.1" 200 12475
"GET /static/css/slide.css HTTP/1.1" 200 503
"GET /static/img/sportsman.png HTTP/1.1" 200 1979
"GET /static/img/trener.png HTTP/1.1" 200 1671
"GET /media/media/stand/22/11/05/2016_IIHF_World_Championship_logo.png HTTP/1.1" 200 19582
"GET /media/media/stand/22/11/05/4a97387480273.560ac2503f0e4.jpg HTTP/1.1" 200 15368
"GET /media/media/stand/22/11/05/WC-2014-Brasil.svg.png HTTP/1.1" 200 31346
"GET /static/img/reklama2/1.png HTTP/1.1" 200 173957
"GET /static/img/reklama2/3.png HTTP/1.1" 200 221986
"GET /static/img/reklama2/2.png HTTP/1.1" 200 211536
"GET /static/img/reklama2/4.png HTTP/1.1" 200 217800
"GET /static/img/reklama2/5.png HTTP/1.1" 200 275087
"GET /static/img/favicon.png HTTP/1.1" 200 613
"GET /account/login/ HTTP/1.1" 200 4462
"GET /static/css/main.css HTTP/1.1" 304 0
"GET /account/login/ HTTP/1.1" 200 4462
"GET /static/css/main.css HTTP/1.1" 200 8770
- Broken pipe from ('127.0.0.1', 64439)
"GET /account/login/ HTTP/1.1" 200 4462
"GET /static/css/main.css HTTP/1.1" 200 8771
"GET /account/login/ HTTP/1.1" 200 4462
"GET /static/css/main.css HTTP/1.1" 200 8772
"GET /account/registration/ HTTP/1.1" 200 5274
"GET /static/css/main.css HTTP/1.1" 304 0
"GET /account/login/ HTTP/1.1" 200 4462
"GET /static/css/main.css HTTP/1.1" 304 0
"GET /news/ HTTP/1.1" 200 17990
"GET /static/css/main.css HTTP/1.1" 304 0
"GET /media/media/stand/22/11/05/2016_IIHF_World_Championship_logo.png HTTP/1.1" 200 19582
"GET /media/media/stand/22/11/05/WC-2014-Brasil.svg.png HTTP/1.1" 200 31346
"GET /media/media/stand/22/11/05/4a97387480273.560ac2503f0e4.jpg HTTP/1.1" 200 15368
"GET /account/login/ HTTP/1.1" 200 4462
"GET /static/css/main.css HTTP/1.1" 304 0
"GET /account/login/ HTTP/1.1" 200 4462
"GET /static/css/main.css HTTP/1.1" 304 0
"GET /account/registration/ HTTP/1.1" 200 5274
"GET /account/login/ HTTP/1.1" 200 4462
"GET /static/css/main.css HTTP/1.1" 304 0
"GET /news/feedback/ HTTP/1.1" 200 4407
"GET /static/css/main.css HTTP/1.1" 304 0
"GET /news/trener/ HTTP/1.1" 200 13598
"GET /static/css/main.css HTTP/1.1" 304 0
- Broken pipe from ('127.0.0.1', 64513)
"GET /news/feedback/ HTTP/1.1" 200 4407
"GET /static/css/main.css HTTP/1.1" 304 0
"GET /account/registration/ HTTP/1.1" 200 5274
"GET /static/css/main.css HTTP/1.1" 200 8772
"GET /static/css/slide.css HTTP/1.1" 200 503
"GET /static/img/news.png HTTP/1.1" 200 1609
"GET /static/img/logo.png HTTP/1.1" 200 12475
"GET /static/img/enter.png HTTP/1.1" 200 1982
"GET /static/img/sportsman.png HTTP/1.1" 200 1979
"GET /static/img/trener.png HTTP/1.1" 200 1671
"GET /static/img/favicon.png HTTP/1.1" 200 613
"GET /account/registration/ HTTP/1.1" 200 5274
"GET /account/registration/ HTTP/1.1" 200 5274
"GET /static/css/main.css HTTP/1.1" 304 0
"GET /account/login/ HTTP/1.1" 200 4462
"GET /account/login/ HTTP/1.1" 200 4462
"GET /static/css/main.css HTTP/1.1" 304 0
"GET /news/ HTTP/1.1" 200 17990
"GET /media/media/stand/22/11/05/4a97387480273.560ac2503f0e4.jpg HTTP/1.1" 200 15368
"GET /media/media/stand/22/11/05/2016_IIHF_World_Championship_logo.png HTTP/1.1" 200 19582
"GET /media/media/stand/22/11/05/WC-2014-Brasil.svg.png HTTP/1.1" 200 31346
"GET /static/img/reklama2/1.png HTTP/1.1" 200 173957
"GET /static/img/reklama2/2.png HTTP/1.1" 200 211536
"GET /static/img/reklama/1.png HTTP/1.1" 200 188631
"GET /static/img/reklama2/3.png HTTP/1.1" 200 221986
"GET /static/img/reklama/2.png HTTP/1.1" 200 125744
"GET /static/img/reklama/3.png HTTP/1.1" 200 157647
"GET /static/img/reklama/4.png HTTP/1.1" 200 161681
"GET /static/img/reklama2/4.png HTTP/1.1" 200 217800
"GET /static/img/reklama2/5.png HTTP/1.1" 200 275087
"GET /account/login/ HTTP/1.1" 200 4462
"GET /static/css/main.css HTTP/1.1" 304 0
"GET /news/feedback/ HTTP/1.1" 200 4407
"GET /news/ HTTP/1.1" 200 17991
"GET /static/css/main.css HTTP/1.1" 200 8772
"GET /account/login/ HTTP/1.1" 200 4462
"GET /account/registration/ HTTP/1.1" 200 5274
"GET /account/login/ HTTP/1.1" 200 4462
"GET /account/registration/ HTTP/1.1" 200 5274
"GET /account/registration/ HTTP/1.1" 200 5266
"GET /static/css/main.css HTTP/1.1" 304 0
"GET /account/registration/ HTTP/1.1" 200 5266
"GET /news/feedback/ HTTP/1.1" 200 4399
"GET /news/ HTTP/1.1" 200 17983
"GET /account/login/ HTTP/1.1" 200 4454
"GET /account/registration/ HTTP/1.1" 200 5266
"GET / HTTP/1.1" 301 0
"GET /news/ HTTP/1.1" 200 17983
"GET /static/css/main.css HTTP/1.1" 200 8772
"GET /static/css/slide.css HTTP/1.1" 200 503
"GET /static/img/logo.png HTTP/1.1" 200 12475
"GET /static/img/trener.png HTTP/1.1" 200 1671
"GET /static/img/news.png HTTP/1.1" 200 1609
"GET /static/img/sportsman.png HTTP/1.1" 200 1979
"GET /media/media/stand/22/11/05/2016_IIHF_World_Championship_logo.png HTTP/1.1" 200 19582
"GET /media/media/stand/22/11/05/4a97387480273.560ac2503f0e4.jpg HTTP/1.1" 200 15368
"GET /media/media/stand/22/11/05/WC-2014-Brasil.svg.png HTTP/1.1" 200 31346
"GET /static/img/enter.png HTTP/1.1" 200 1982
"GET /static/img/reklama2/2.png HTTP/1.1" 200 211536
"GET /static/img/reklama2/1.png HTTP/1.1" 200 173957
"GET /static/img/reklama2/3.png HTTP/1.1" 200 221986
"GET /static/img/reklama2/4.png HTTP/1.1" 200 217800
"GET /static/img/reklama2/5.png HTTP/1.1" 200 275087
"GET /news/ HTTP/1.1" 200 17983
"GET /static/css/main.css HTTP/1.1" 200 8772
"GET /static/img/logo.png HTTP/1.1" 200 12475
"GET /static/css/slide.css HTTP/1.1" 200 503
"GET /static/img/news.png HTTP/1.1" 200 1609
"GET /static/img/sportsman.png HTTP/1.1" 200 1979
"GET /media/media/stand/22/11/05/2016_IIHF_World_Championship_logo.png HTTP/1.1" 200 19582
"GET /static/img/trener.png HTTP/1.1" 200 1671
"GET /static/img/enter.png HTTP/1.1" 200 1982
"GET /media/media/stand/22/11/05/4a97387480273.560ac2503f0e4.jpg HTTP/1.1" 200 15368
"GET /static/img/reklama2/1.png HTTP/1.1" 200 173957
"GET /static/img/reklama2/2.png HTTP/1.1" 200 211536
"GET /media/media/stand/22/11/05/WC-2014-Brasil.svg.png HTTP/1.1" 200 31346
"GET /static/img/reklama2/5.png HTTP/1.1" 200 275087
"GET /static/img/reklama2/4.png HTTP/1.1" 200 217800
"GET /static/img/reklama2/3.png HTTP/1.1" 200 221986
"GET /static/img/favicon.png HTTP/1.1" 200 613
"GET /news/ HTTP/1.1" 200 17983
"GET / HTTP/1.1" 301 0
"GET /news/ HTTP/1.1" 200 17983
"GET /static/css/main.css HTTP/1.1" 200 8772
- Broken pipe from ('127.0.0.1', 49178)
- Broken pipe from ('127.0.0.1', 49199)
"GET /account/login/ HTTP/1.1" 200 4454
"GET /account/login/ HTTP/1.1" 200 4454
"GET /account/registration/ HTTP/1.1" 200 5266
"GET /account/registration/ HTTP/1.1" 200 5266
"GET /news/ HTTP/1.1" 200 17983
"GET /news/ HTTP/1.1" 200 17983
"GET /static/css/slide.css HTTP/1.1" 200 503
"GET /static/css/main.css HTTP/1.1" 200 8772
"GET /static/img/news.png HTTP/1.1" 200 1609
"GET /static/img/logo.png HTTP/1.1" 200 12475
"GET /media/media/stand/22/11/05/4a97387480273.560ac2503f0e4.jpg HTTP/1.1" 200 15368
"GET /static/img/sportsman.png HTTP/1.1" 200 1979
"GET /media/media/stand/22/11/05/WC-2014-Brasil.svg.png HTTP/1.1" 200 31346
"GET /static/img/trener.png HTTP/1.1" 200 1671
"GET /static/img/enter.png HTTP/1.1" 200 1982
"GET /media/media/stand/22/11/05/2016_IIHF_World_Championship_logo.png HTTP/1.1" 200 19582
"GET /static/img/reklama/2.png HTTP/1.1" 200 125744
"GET /static/img/reklama/3.png HTTP/1.1" 200 157647
"GET /static/img/reklama/4.png HTTP/1.1" 200 161681
"GET /static/img/reklama2/2.png HTTP/1.1" 200 211536
"GET /static/img/reklama2/1.png HTTP/1.1" 200 173957
"GET /static/img/reklama2/3.png HTTP/1.1" 200 221986
"GET /static/img/reklama/1.png HTTP/1.1" 200 188631
"GET /static/img/reklama2/4.png HTTP/1.1" 200 217800
"GET /static/img/reklama2/5.png HTTP/1.1" 200 275087
"GET /static/img/favicon.png HTTP/1.1" 200 613
"GET /account/login/ HTTP/1.1" 200 4454
"GET /account/registration/ HTTP/1.1" 200 5266
"GET /news/feedback/ HTTP/1.1" 200 4399
"GET /news/sportsman/ HTTP/1.1" 200 36115
"GET /media/media/sportsman/22/11/01/800px-20180920_Fussball_UEFA_Europa_League_RB_Leipzig_-_FC_Salz_3KWSN4g.jpg HTTP/1.1" 200 26124
"GET /media/media/sportsman/22/11/01/375px-Andre-Hoffmann-08-2019.jpg HTTP/1.1" 200 21047
"GET /media/media/sportsman/22/11/01/Kapino.jpg HTTP/1.1" 200 21062
"GET /news/ HTTP/1.1" 200 17983
"GET /news/ HTTP/1.1" 200 17917
"GET /static/css/main.css HTTP/1.1" 200 8826
"GET /news/ HTTP/1.1" 200 17917
"GET /static/css/main.css HTTP/1.1" 200 8845
"GET /news/ HTTP/1.1" 200 17917
"GET /static/css/main.css HTTP/1.1" 200 8845
"GET /account/login/ HTTP/1.1" 200 4388
"GET /static/css/main.css HTTP/1.1" 304 0
"GET /account/registration/ HTTP/1.1" 200 5200
"GET /static/css/main.css HTTP/1.1" 304 0
"GET /account/login/ HTTP/1.1" 200 4388
"GET /account/registration/ HTTP/1.1" 200 5200
"GET /news/ HTTP/1.1" 200 17917
"GET /news/ HTTP/1.1" 200 17917
"GET /static/css/main.css HTTP/1.1" 200 8879
"GET /news/ HTTP/1.1" 200 17890
"GET /static/css/main.css HTTP/1.1" 200 8949
"GET /news/ HTTP/1.1" 200 17890
"GET /static/css/main.css HTTP/1.1" 304 0
"GET /news/ HTTP/1.1" 200 17890
"GET /static/css/main.css HTTP/1.1" 304 0
"GET /news/ HTTP/1.1" 200 17922
"GET /static/css/main.css HTTP/1.1" 304 0
"GET /news/ HTTP/1.1" 200 17922
"GET /static/css/main.css HTTP/1.1" 200 8951
"GET /news/ HTTP/1.1" 200 17922
"GET /static/css/main.css HTTP/1.1" 200 8951
"GET /news/ HTTP/1.1" 200 17922
"GET /static/css/main.css HTTP/1.1" 304 0
"GET /news/ HTTP/1.1" 200 17914
"GET /static/css/main.css HTTP/1.1" 304 0
"GET /news/ HTTP/1.1" 200 17914
"GET /news/ HTTP/1.1" 200 17914
"GET /static/css/main.css HTTP/1.1" 200 8953
"GET /news/ HTTP/1.1" 200 17914
"GET /static/css/main.css HTTP/1.1" 304 0
"GET /news/ HTTP/1.1" 200 17914
"GET /static/css/main.css HTTP/1.1" 200 8953
"GET /news/ HTTP/1.1" 200 17914
"GET /static/css/main.css HTTP/1.1" 200 8953
"GET /news/ HTTP/1.1" 200 17914
"GET /static/css/main.css HTTP/1.1" 200 8975
"GET /news/ HTTP/1.1" 200 17914
"GET /static/css/main.css HTTP/1.1" 304 0
"GET /news/ HTTP/1.1" 200 17914
"GET /static/css/main.css HTTP/1.1" 304 0
"GET /news/ HTTP/1.1" 200 17914
"GET /static/css/main.css HTTP/1.1" 200 8976
"GET /news/ HTTP/1.1" 200 17914
"GET /static/css/main.css HTTP/1.1" 200 8959
"GET /static/css/main.css HTTP/1.1" 304 0
"GET /news/ HTTP/1.1" 200 18030
"GET /static/css/main.css HTTP/1.1" 200 8955
"GET /news/ HTTP/1.1" 200 18030
"GET /static/css/main.css HTTP/1.1" 200 8955
"GET /news/ HTTP/1.1" 200 18030
"GET /news/ HTTP/1.1" 200 18030
"GET /static/css/main.css HTTP/1.1" 200 8956
"GET /news/ HTTP/1.1" 200 18030
"GET /static/css/main.css HTTP/1.1" 200 8957
"GET /news/ HTTP/1.1" 200 18030
"GET /static/css/main.css HTTP/1.1" 304 0
"GET /news/ HTTP/1.1" 200 18030
"GET /static/css/main.css HTTP/1.1" 304 0
"GET /news/ HTTP/1.1" 200 18030
"GET /static/css/main.css HTTP/1.1" 200 8979
"GET /news/ HTTP/1.1" 200 18030
"GET /static/css/main.css HTTP/1.1" 304 0
"GET /news/ HTTP/1.1" 200 18030
"GET /static/css/main.css HTTP/1.1" 304 0
"GET /news/ HTTP/1.1" 200 18030
"GET /static/css/main.css HTTP/1.1" 304 0
"GET /news/ HTTP/1.1" 200 18030
"GET /static/css/main.css HTTP/1.1" 200 8979
"GET /static/css/slide.css HTTP/1.1" 200 503
"GET /static/img/news.png HTTP/1.1" 200 1609
"GET /static/img/logo.png HTTP/1.1" 200 12475
"GET /static/img/sportsman.png HTTP/1.1" 200 1979
"GET /media/media/stand/22/11/05/4a97387480273.560ac2503f0e4.jpg HTTP/1.1" 200 15368
"GET /media/media/stand/22/11/05/WC-2014-Brasil.svg.png HTTP/1.1" 200 31346
"GET /static/img/trener.png HTTP/1.1" 200 1671
"GET /static/img/enter.png HTTP/1.1" 200 1982
"GET /media/media/stand/22/11/05/2016_IIHF_World_Championship_logo.png HTTP/1.1" 200 19582
"GET /static/img/reklama2/1.png HTTP/1.1" 200 173957
"GET /static/img/reklama2/2.png HTTP/1.1" 200 211536
"GET /static/img/reklama2/4.png HTTP/1.1" 200 217800
"GET /static/img/reklama2/3.png HTTP/1.1" 200 221986
"GET /static/img/reklama2/5.png HTTP/1.1" 200 275087
"GET /static/img/favicon.png HTTP/1.1" 200 613
"GET /news/ HTTP/1.1" 200 18096
"GET /static/css/main.css HTTP/1.1" 304 0
"GET /news/ HTTP/1.1" 200 18115
"GET /static/css/main.css HTTP/1.1" 304 0
"GET /news/ HTTP/1.1" 200 18115
"GET /news/ HTTP/1.1" 200 18115
"GET /news/ HTTP/1.1" 200 18115
"GET /static/css/main.css HTTP/1.1" 200 8979
"GET /news/ HTTP/1.1" 200 18115
"GET /static/css/main.css HTTP/1.1" 200 9023
"GET /static/css/main.css HTTP/1.1" 304 0
"GET /news/ HTTP/1.1" 200 18115
"GET /static/css/main.css HTTP/1.1" 200 9027
"GET /news/trener/ HTTP/1.1" 200 13722
"GET /static/css/main.css HTTP/1.1" 304 0
"GET /media/media/trener/22/10/30/starkin_big.jpg HTTP/1.1" 200 9323
"GET /media/media/trener/22/10/31/%D0%9F%D0%BE%D0%BA%D1%80%D0%BE%D0%B2%D1%81%D0%BA%D0%B0%D1%8F_%D0%A2%D0%B0%D1%82%D1%8C%D1%8F%D0%BD%D0%B0_%D0%9D%D0%B8%D0%BA%D0%BE%D0%BB%D0%B0%D0%B5%D0%B2%D0%BD%D0%B0_3ZSpBXH.png HTTP/1.1" 200 70365
"GET /media/media/trener/22/10/30/4ca0d5d5d42ac21e55f4453f7aa4913f.png HTTP/1.1" 200 59553
"GET /news/trener/ HTTP/1.1" 200 13722
"GET /static/css/main.css HTTP/1.1" 304 0
"GET /news/ HTTP/1.1" 200 18115
"GET /static/css/main.css HTTP/1.1" 304 0
"GET /admin HTTP/1.1" 301 0
"GET /admin/ HTTP/1.1" 302 0
"GET /admin/login/?next=/admin/ HTTP/1.1" 200 2308
"GET /static/admin/css/base.css HTTP/1.1" 200 20344
"GET /static/admin/css/nav_sidebar.css HTTP/1.1" 200 2619
"GET /static/admin/css/dark_mode.css HTTP/1.1" 200 796
"GET /static/admin/css/login.css HTTP/1.1" 200 958
"GET /static/admin/css/responsive.css HTTP/1.1" 200 18854
"GET /static/admin/css/fonts.css HTTP/1.1" 200 423
"GET /static/admin/js/nav_sidebar.js HTTP/1.1" 200 3763
"GET /static/admin/fonts/Roboto-Regular-webfont.woff HTTP/1.1" 200 85876
"GET /static/admin/fonts/Roboto-Light-webfont.woff HTTP/1.1" 200 85692
"POST /admin/login/?next=/admin/ HTTP/1.1" 302 0
"GET /admin/ HTTP/1.1" 200 13232
"GET /static/admin/css/dashboard.css HTTP/1.1" 200 380
"GET /static/admin/img/icon-changelink.svg HTTP/1.1" 200 380
"GET /static/admin/img/icon-addlink.svg HTTP/1.1" 200 331
"GET /static/admin/fonts/Roboto-Bold-webfont.woff HTTP/1.1" 200 86184
"GET /admin/olimp/stand/ HTTP/1.1" 200 22310
"GET /static/admin/css/changelists.css HTTP/1.1" 200 6395
"GET /static/admin/js/jquery.init.js HTTP/1.1" 200 347
"GET /static/admin/css/forms.css HTTP/1.1" 200 8944
"GET /admin/jsi18n/ HTTP/1.1" 200 15618
"GET /static/admin/js/core.js HTTP/1.1" 200 5698
"GET /static/admin/css/widgets.css HTTP/1.1" 200 11297
"GET /static/admin/js/actions.js HTTP/1.1" 200 7872
"GET /static/admin/js/prepopulate.js HTTP/1.1" 200 1531
"GET /static/admin/js/admin/RelatedObjectLookups.js HTTP/1.1" 200 8919
"GET /static/admin/js/urlify.js HTTP/1.1" 200 7902
"GET /static/admin/js/vendor/jquery/jquery.js HTTP/1.1" 200 288580
"GET /static/admin/js/filters.js HTTP/1.1" 200 966
"GET /static/admin/js/vendor/xregexp/xregexp.js HTTP/1.1" 200 232381
"GET /static/admin/img/search.svg HTTP/1.1" 200 458
"GET /static/admin/img/tooltag-add.svg HTTP/1.1" 200 331
"GET /static/admin/img/sorting-icons.svg HTTP/1.1" 200 1097
"GET /admin/olimp/stand/8/change/ HTTP/1.1" 200 22123
"GET /admin/jsi18n/ HTTP/1.1" 200 15618
"GET /static/admin/js/calendar.js HTTP/1.1" 200 8466
"GET /static/admin/js/admin/DateTimeShortcuts.js HTTP/1.1" 200 19379
"GET /static/admin/js/change_form.js HTTP/1.1" 200 1043
"GET /static/admin/img/icon-viewlink.svg HTTP/1.1" 200 581
"GET /static/admin/js/prepopulate_init.js HTTP/1.1" 200 586
"GET /static/admin/img/icon-calendar.svg HTTP/1.1" 200 1086
"GET /admin/olimp/viewolimp/12/change/?_to_field=id&_popup=1 HTTP/1.1" 200 4008
"GET /admin/jsi18n/ HTTP/1.1" 200 15618
"POST /admin/olimp/viewolimp/12/change/?_to_field=id&_popup=1 HTTP/1.1" 200 594
"GET /static/admin/js/popup_response.js HTTP/1.1" 200 551
"POST /admin/olimp/stand/8/change/ HTTP/1.1" 302 0
"GET /admin/olimp/stand/ HTTP/1.1" 200 22556
"GET /admin/jsi18n/ HTTP/1.1" 200 15618
"GET /static/admin/img/icon-yes.svg HTTP/1.1" 200 436
"GET /news/ HTTP/1.1" 200 19151
"GET /static/css/main.css HTTP/1.1" 304 0
"GET /static/img/add.png HTTP/1.1" 200 1560
"GET /static/img/user.png HTTP/1.1" 200 1477
"GET /static/img/exit.png HTTP/1.1" 200 1789
"GET /admin/olimp/stand/8/change/ HTTP/1.1" 200 22114
"GET /admin/jsi18n/ HTTP/1.1" 200 15618
"POST /admin/olimp/stand/8/change/ HTTP/1.1" 302 0
"POST /admin/olimp/stand/8/change/ HTTP/1.1" 302 0
"GET /admin/olimp/stand/ HTTP/1.1" 200 22711
"GET /admin/jsi18n/ HTTP/1.1" 200 15618
"GET /admin/olimp/stand/?date_event__gte=2022-11-12&date_event__lt=2022-11-20 HTTP/1.1" 200 13916
"GET /admin/jsi18n/ HTTP/1.1" 200 15618
"GET /news/ HTTP/1.1" 200 19137
"GET /static/css/main.css HTTP/1.1" 304 0
Watching for file changes with StatReloader
